# JRE version: OpenJDK Runtime Environment Temurin-17.0.11+9 (17.0.11+9) (build 17.0.11+9)
# Java VM: OpenJDK Client VM Temurin-17.0.11+9 (17.0.11+9, mixed mode, emulated-client, serial gc, windows-x86)
GC Precious Log:
 CPUs: 12 total, 12 available
 Memory: 7596M
 Large Page Support: Disabled
 NUMA Support: Disabled
 Compressed Oops: Disabled
 Heap Min Capacity: 6M
 Heap Initial Capacity: 16M
 Heap Max Capacity: 1536M
 Pre-touch: Disabled
Heap:
 def new generation   total 130176K, used 87417K [0x05800000, 0x0e540000, 0x25800000)
  eden space 115712K,  72% used [0x05800000, 0x0a9d7c90, 0x0c900000)
  from space 14464K,  24% used [0x0c900000, 0x0cc86978, 0x0d720000)
  to   space 14464K,   0% used [0x0d720000, 0x0d720000, 0x0e540000)
 tenured generation   total 287540K, used 181533K [0x25800000, 0x370cd000, 0x65800000)
   the space 287540K,  63% used [0x25800000, 0x30947490, 0x30947600, 0x370cd000)
 Metaspace       used 97567K, committed 98048K, reserved 98304K
GC Heap History (20 events):
Event: 508.116 GC heap before
{Heap before GC invocations=97 (full 6):
 def new generation   total 75136K, used 75135K [0x05800000, 0x0a980000, 0x25800000)
  eden space 66816K, 100% used [0x05800000, 0x09940000, 0x09940000)
  from space 8320K,  99% used [0x09940000, 0x0a15fff8, 0x0a160000)
  to   space 8320K,   0% used [0x0a160000, 0x0a160000, 0x0a980000)
 tenured generation   total 165224K, used 151777K [0x25800000, 0x2f95a000, 0x65800000)
   the space 165224K,  91% used [0x25800000, 0x2ec38748, 0x2ec38800, 0x2f95a000)
 Metaspace       used 89330K, committed 89792K, reserved 98304K
}
Event: 508.143 GC heap after
{Heap after GC invocations=98 (full 6):
 def new generation   total 75136K, used 2278K [0x05800000, 0x0a980000, 0x25800000)
  eden space 66816K,   0% used [0x05800000, 0x05800000, 0x09940000)
  from space 8320K,  27% used [0x0a160000, 0x0a399a60, 0x0a980000)
  to   space 8320K,   0% used [0x09940000, 0x09940000, 0x0a160000)
 tenured generation   total 165224K, used 160093K [0x25800000, 0x2f95a000, 0x65800000)
   the space 165224K,  96% used [0x25800000, 0x2f457538, 0x2f457600, 0x2f95a000)
 Metaspace       used 89330K, committed 89792K, reserved 98304K
}
Event: 508.600 GC heap before
{Heap before GC invocations=98 (full 6):
 def new generation   total 75136K, used 69094K [0x05800000, 0x0a980000, 0x25800000)
  eden space 66816K, 100% used [0x05800000, 0x09940000, 0x09940000)
  from space 8320K,  27% used [0x0a160000, 0x0a399a60, 0x0a980000)
  to   space 8320K,   0% used [0x09940000, 0x09940000, 0x0a160000)
 tenured generation   total 165224K, used 160093K [0x25800000, 0x2f95a000, 0x65800000)
   the space 165224K,  96% used [0x25800000, 0x2f457538, 0x2f457600, 0x2f95a000)
 Metaspace       used 90459K, committed 90880K, reserved 98304K
}
Event: 508.623 GC heap after
{Heap after GC invocations=99 (full 6):
 def new generation   total 75136K, used 8320K [0x05800000, 0x0a980000, 0x25800000)
  eden space 66816K,   0% used [0x05800000, 0x05800000, 0x09940000)
  from space 8320K, 100% used [0x09940000, 0x0a160000, 0x0a160000)
  to   space 8320K,   0% used [0x0a160000, 0x0a160000, 0x0a980000)
 tenured generation   total 165224K, used 164247K [0x25800000, 0x2f95a000, 0x65800000)
   the space 165224K,  99% used [0x25800000, 0x2f865c00, 0x2f865c00, 0x2f95a000)
 Metaspace       used 90459K, committed 90880K, reserved 98304K
}
Event: 509.068 GC heap before
{Heap before GC invocations=99 (full 6):
 def new generation   total 75136K, used 75136K [0x05800000, 0x0a980000, 0x25800000)
  eden space 66816K, 100% used [0x05800000, 0x09940000, 0x09940000)
  from space 8320K, 100% used [0x09940000, 0x0a160000, 0x0a160000)
  to   space 8320K,   0% used [0x0a160000, 0x0a160000, 0x0a980000)
 tenured generation   total 165224K, used 164247K [0x25800000, 0x2f95a000, 0x65800000)
   the space 165224K,  99% used [0x25800000, 0x2f865c00, 0x2f865c00, 0x2f95a000)
 Metaspace       used 92190K, committed 92672K, reserved 98304K
}
Event: 509.100 GC heap after
{Heap after GC invocations=100 (full 6):
 def new generation   total 75136K, used 5312K [0x05800000, 0x0a980000, 0x25800000)
  eden space 66816K,   0% used [0x05800000, 0x05800000, 0x09940000)
  from space 8320K,  63% used [0x0a160000, 0x0a6903a0, 0x0a980000)
  to   space 8320K,   0% used [0x09940000, 0x09940000, 0x0a160000)
 tenured generation   total 172524K, used 172512K [0x25800000, 0x3007b000, 0x65800000)
   the space 172524K,  99% used [0x25800000, 0x30078130, 0x30078200, 0x3007b000)
 Metaspace       used 92190K, committed 92672K, reserved 98304K
}
Event: 509.100 GC heap before
{Heap before GC invocations=100 (full 6):
 def new generation   total 75136K, used 5312K [0x05800000, 0x0a980000, 0x25800000)
  eden space 66816K,   0% used [0x05800000, 0x05800000, 0x09940000)
  from space 8320K,  63% used [0x0a160000, 0x0a6903a0, 0x0a980000)
  to   space 8320K,   0% used [0x09940000, 0x09940000, 0x0a160000)
 tenured generation   total 172524K, used 172512K [0x25800000, 0x3007b000, 0x65800000)
   the space 172524K,  99% used [0x25800000, 0x30078130, 0x30078200, 0x3007b000)
 Metaspace       used 92190K, committed 92672K, reserved 98304K
}
Event: 509.462 GC heap after
{Heap after GC invocations=100 (full 7):
 def new generation   total 130176K, used 3854K [0x05800000, 0x0e540000, 0x25800000)
  eden space 115712K,   3% used [0x05800000, 0x05bc3988, 0x0c900000)
  from space 14464K,   0% used [0x0c900000, 0x0c900000, 0x0d720000)
  to   space 14464K,   0% used [0x0d720000, 0x0d720000, 0x0e540000)
 tenured generation   total 287540K, used 172524K [0x25800000, 0x370cd000, 0x65800000)
   the space 287540K,  60% used [0x25800000, 0x3007b000, 0x3007b000, 0x370cd000)
 Metaspace       used 92086K, committed 92672K, reserved 98304K
}
Event: 510.068 GC heap before
{Heap before GC invocations=100 (full 7):
 def new generation   total 130176K, used 115712K [0x05800000, 0x0e540000, 0x25800000)
  eden space 115712K, 100% used [0x05800000, 0x0c900000, 0x0c900000)
  from space 14464K,   0% used [0x0c900000, 0x0c900000, 0x0d720000)
  to   space 14464K,   0% used [0x0d720000, 0x0d720000, 0x0e540000)
 tenured generation   total 287540K, used 172524K [0x25800000, 0x370cd000, 0x65800000)
   the space 287540K,  60% used [0x25800000, 0x3007b000, 0x3007b000, 0x370cd000)
 Metaspace       used 93254K, committed 93760K, reserved 98304K
}
Event: 510.140 GC heap after
{Heap after GC invocations=101 (full 7):
 def new generation   total 130176K, used 9404K [0x05800000, 0x0e540000, 0x25800000)
  eden space 115712K,   0% used [0x05800000, 0x05800000, 0x0c900000)
  from space 14464K,  65% used [0x0d720000, 0x0e04f150, 0x0e540000)
  to   space 14464K,   0% used [0x0c900000, 0x0c900000, 0x0d720000)
 tenured generation   total 287540K, used 172535K [0x25800000, 0x370cd000, 0x65800000)
   the space 287540K,  60% used [0x25800000, 0x3007df68, 0x3007e000, 0x370cd000)
 Metaspace       used 93254K, committed 93760K, reserved 98304K
}
Event: 510.300 GC heap before
{Heap before GC invocations=101 (full 7):
 def new generation   total 130176K, used 125116K [0x05800000, 0x0e540000, 0x25800000)
  eden space 115712K, 100% used [0x05800000, 0x0c900000, 0x0c900000)
  from space 14464K,  65% used [0x0d720000, 0x0e04f150, 0x0e540000)
  to   space 14464K,   0% used [0x0c900000, 0x0c900000, 0x0d720000)
 tenured generation   total 287540K, used 172535K [0x25800000, 0x370cd000, 0x65800000)
   the space 287540K,  60% used [0x25800000, 0x3007df68, 0x3007e000, 0x370cd000)
 Metaspace       used 93861K, committed 94400K, reserved 98304K
}
Event: 510.320 GC heap after
{Heap after GC invocations=102 (full 7):
 def new generation   total 130176K, used 993K [0x05800000, 0x0e540000, 0x25800000)
  eden space 115712K,   0% used [0x05800000, 0x05800000, 0x0c900000)
  from space 14464K,   6% used [0x0c900000, 0x0c9f84b8, 0x0d720000)
  to   space 14464K,   0% used [0x0d720000, 0x0d720000, 0x0e540000)
 tenured generation   total 287540K, used 181533K [0x25800000, 0x370cd000, 0x65800000)
   the space 287540K,  63% used [0x25800000, 0x30947490, 0x30947600, 0x370cd000)
 Metaspace       used 93861K, committed 94400K, reserved 98304K
}
Event: 510.671 GC heap before
{Heap before GC invocations=102 (full 7):
 def new generation   total 130176K, used 116705K [0x05800000, 0x0e540000, 0x25800000)
  eden space 115712K, 100% used [0x05800000, 0x0c900000, 0x0c900000)
  from space 14464K,   6% used [0x0c900000, 0x0c9f84b8, 0x0d720000)
  to   space 14464K,   0% used [0x0d720000, 0x0d720000, 0x0e540000)
 tenured generation   total 287540K, used 181533K [0x25800000, 0x370cd000, 0x65800000)
   the space 287540K,  63% used [0x25800000, 0x30947490, 0x30947600, 0x370cd000)
 Metaspace       used 95910K, committed 96448K, reserved 98304K
}
Event: 510.682 GC heap after
{Heap after GC invocations=103 (full 7):
 def new generation   total 130176K, used 2116K [0x05800000, 0x0e540000, 0x25800000)
  eden space 115712K,   0% used [0x05800000, 0x05800000, 0x0c900000)
  from space 14464K,  14% used [0x0d720000, 0x0d931108, 0x0e540000)
  to   space 14464K,   0% used [0x0c900000, 0x0c900000, 0x0d720000)
 tenured generation   total 287540K, used 181533K [0x25800000, 0x370cd000, 0x65800000)
   the space 287540K,  63% used [0x25800000, 0x30947490, 0x30947600, 0x370cd000)
 Metaspace       used 95910K, committed 96448K, reserved 98304K
}
Event: 510.812 GC heap before
{Heap before GC invocations=103 (full 7):
 def new generation   total 130176K, used 117828K [0x05800000, 0x0e540000, 0x25800000)
  eden space 115712K, 100% used [0x05800000, 0x0c900000, 0x0c900000)
  from space 14464K,  14% used [0x0d720000, 0x0d931108, 0x0e540000)
  to   space 14464K,   0% used [0x0c900000, 0x0c900000, 0x0d720000)
 tenured generation   total 287540K, used 181533K [0x25800000, 0x370cd000, 0x65800000)
   the space 287540K,  63% used [0x25800000, 0x30947490, 0x30947600, 0x370cd000)
 Metaspace       used 95938K, committed 96448K, reserved 98304K
}
Event: 510.819 GC heap after
{Heap after GC invocations=104 (full 7):
 def new generation   total 130176K, used 2133K [0x05800000, 0x0e540000, 0x25800000)
  eden space 115712K,   0% used [0x05800000, 0x05800000, 0x0c900000)
  from space 14464K,  14% used [0x0c900000, 0x0cb157d0, 0x0d720000)
  to   space 14464K,   0% used [0x0d720000, 0x0d720000, 0x0e540000)
 tenured generation   total 287540K, used 181533K [0x25800000, 0x370cd000, 0x65800000)
   the space 287540K,  63% used [0x25800000, 0x30947490, 0x30947600, 0x370cd000)
 Metaspace       used 95938K, committed 96448K, reserved 98304K
}
Event: 510.925 GC heap before
{Heap before GC invocations=104 (full 7):
 def new generation   total 130176K, used 117845K [0x05800000, 0x0e540000, 0x25800000)
  eden space 115712K, 100% used [0x05800000, 0x0c900000, 0x0c900000)
  from space 14464K,  14% used [0x0c900000, 0x0cb157d0, 0x0d720000)
  to   space 14464K,   0% used [0x0d720000, 0x0d720000, 0x0e540000)
 tenured generation   total 287540K, used 181533K [0x25800000, 0x370cd000, 0x65800000)
   the space 287540K,  63% used [0x25800000, 0x30947490, 0x30947600, 0x370cd000)
 Metaspace       used 95948K, committed 96448K, reserved 98304K
}
Event: 510.933 GC heap after
{Heap after GC invocations=105 (full 7):
 def new generation   total 130176K, used 2306K [0x05800000, 0x0e540000, 0x25800000)
  eden space 115712K,   0% used [0x05800000, 0x05800000, 0x0c900000)
  from space 14464K,  15% used [0x0d720000, 0x0d960af8, 0x0e540000)
  to   space 14464K,   0% used [0x0c900000, 0x0c900000, 0x0d720000)
 tenured generation   total 287540K, used 181533K [0x25800000, 0x370cd000, 0x65800000)
   the space 287540K,  63% used [0x25800000, 0x30947490, 0x30947600, 0x370cd000)
 Metaspace       used 95948K, committed 96448K, reserved 98304K
}
Event: 511.173 GC heap before
{Heap before GC invocations=105 (full 7):
 def new generation   total 130176K, used 118018K [0x05800000, 0x0e540000, 0x25800000)
  eden space 115712K, 100% used [0x05800000, 0x0c900000, 0x0c900000)
  from space 14464K,  15% used [0x0d720000, 0x0d960af8, 0x0e540000)
  to   space 14464K,   0% used [0x0c900000, 0x0c900000, 0x0d720000)
 tenured generation   total 287540K, used 181533K [0x25800000, 0x370cd000, 0x65800000)
   the space 287540K,  63% used [0x25800000, 0x30947490, 0x30947600, 0x370cd000)
 Metaspace       used 96234K, committed 96704K, reserved 98304K
}
Event: 511.184 GC heap after
{Heap after GC invocations=106 (full 7):
 def new generation   total 130176K, used 3610K [0x05800000, 0x0e540000, 0x25800000)
  eden space 115712K,   0% used [0x05800000, 0x05800000, 0x0c900000)
  from space 14464K,  24% used [0x0c900000, 0x0cc86978, 0x0d720000)
  to   space 14464K,   0% used [0x0d720000, 0x0d720000, 0x0e540000)
 tenured generation   total 287540K, used 181533K [0x25800000, 0x370cd000, 0x65800000)
   the space 287540K,  63% used [0x25800000, 0x30947490, 0x30947600, 0x370cd000)
 Metaspace       used 96234K, committed 96704K, reserved 98304K
}

